#
# A fatal error has been detected by the Java Runtime Environment:
#
#  SIGSEGV (0xb) at pc=0x00007f11b5b200bc, pid=8103, tid=139713228977936
#
# JRE version: 6.0_20-b02
# Java VM: Java HotSpot(TM) 64-Bit Server VM (16.3-b01 mixed mode linux-amd64 )
# Problematic frame:
# V  [libjvm.so+0x6230bc]
#
# If you would like to submit a bug report, please visit:
#   http://java.sun.com/webapps/bugreport/crash.jsp
#

---------------  T H R E A D  ---------------

Current thread (0x0000000041ed2800):  GCTaskThread [stack: 0x00007f1185523000,0x00007f1185624000] [id=8116]

siginfo:si_signo=SIGSEGV: si_errno=0, si_code=128 (), si_addr=0x0000000000000000

Registers:
RAX=0x0000000000000001, RBX=0x00007f11a7e3d528, RCX=0x0000000000000001, RDX=0x00707f1185a57918
RSP=0x00007f1185622860, RBP=0x00007f11856228d0, RSI=0x00007f11b5e0eb70, RDI=0x00707f1185a57928
R8 =0x0000000000000001, R9 =0x0000000000000047, R10=0x00007f11a7e3d528, R11=0x00007f1185158448
R12=0x0000000000000009, R13=0x0000000000000000, R14=0x00007f11a7541178, R15=0x00007f1180040350
RIP=0x00007f11b5b200bc, EFL=0x0000000000010246, CSGSFS=0x0000000000000033, ERR=0x0000000000000000
  TRAPNO=0x000000000000000d

Top of Stack: (sp=0x00007f1185622860)
0x00007f1185622860:   00007f11a7e223d8 00007f11a7e22458
0x00007f1185622870:   0000000000000006 01007f11b5b20cd0
0x00007f1185622880:   00007f11856228d0 0000000000000011
0x00007f1185622890:   00007f11a7e38000 00007f1185a44668
0x00007f11856228a0:   00007f11856228d0 00007f11a7e3d528
0x00007f11856228b0:   00007f1180040350 00007f1180040418
0x00007f11856228c0:   00007f1180040400 0000000000000000
0x00007f11856228d0:   00007f11856228f0 00007f11b5b20b80
0x00007f11856228e0:   00007f11859f9180 0000000000000000
0x00007f11856228f0:   00007f1185622930 00007f11b5b1fd17
0x00007f1185622900:   00007f11a7e3d528 00007f11b5e09b90
0x00007f1185622910:   0000000000000001 00007f11856d00ab
0x00007f1185622920:   0000000000000058 00007f1185a44800
0x00007f1185622930:   00007f11856229c0 00007f11b5739f0f
0x00007f1185622940:   00007f1191832000 00007f118572f010
0x00007f1185622950:   00007f1185a45428 00007f11856d00aa
0x00007f1185622960:   00007f11856d00aa 00007f11856d36ef
0x00007f1185622970:   01007f11800030d0 00007f1180040350
0x00007f1185622980:   00007f118610de20 0000000041ecf8c0
0x00007f1185622990:   0000000041ecd700 00007f11800030d0
0x00007f11856229a0:   00007f1180040350 0000000041ed2800
0x00007f11856229b0:   00007f11b5c6db40 0000000000000000
0x00007f11856229c0:   00007f11856229e0 00007f11b5b23547
0x00007f11856229d0:   00007f11b5e0f18c 00007f11800030d0
0x00007f11856229e0:   00007f1185622ae0 00007f11b58636aa
0x00007f11856229f0:   00007f1185622a30 00007f1185622a08
0x00007f1185622a00:   00007f11b5e287e0 0000000000000000
0x00007f1185622a10:   0000000041ed2aa0 0000000041ed2ad0
0x00007f1185622a20:   0000000041ed2ae0 0000000041ed2eb8
0x00007f1185622a30:   0000000041ed2800 0000000041ed2ec0
0x00007f1185622a40:   0000000041ed2ef0 0000000041ed2f00
0x00007f1185622a50:   0000000041ed32d8 00007f1185622a80 

Instructions: (pc=0x00007f11b5b200bc)
0x00007f11b5b200ac:   8b 56 08 8b 4b 08 48 d3 e2 48 03 13 48 8d 7a 10
0x00007f11b5b200bc:   8b 5f 08 89 d8 c1 f8 03 85 db 0f 8e ec 05 00 00 

Stack: [0x00007f1185523000,0x00007f1185624000],  sp=0x00007f1185622860,  free space=3fe0000000000000018k
Native frames: (J=compiled Java code, j=interpreted, Vv=VM code, C=native code)
V  [libjvm.so+0x6230bc]
V  [libjvm.so+0x623b80]
V  [libjvm.so+0x622d17]
V  [libjvm.so+0x23cf0f]
V  [libjvm.so+0x626547]
V  [libjvm.so+0x3666aa]
V  [libjvm.so+0x5db02f]


---------------  P R O C E S S  ---------------

Java Threads: ( => current thread )
  0x00007f118006f800 JavaThread "Low Memory Detector" daemon [_thread_blocked, id=8124, stack(0x00007f1184810000,0x00007f1184911000)]
  0x00007f118006d000 JavaThread "CompilerThread1" daemon [_thread_blocked, id=8123, stack(0x00007f1184911000,0x00007f1184a12000)]
  0x00007f118006a000 JavaThread "CompilerThread0" daemon [_thread_blocked, id=8122, stack(0x00007f1184a12000,0x00007f1184b13000)]
  0x00007f1180068000 JavaThread "Signal Dispatcher" daemon [_thread_blocked, id=8121, stack(0x00007f1184b13000,0x00007f1184c14000)]
  0x00007f1180048800 JavaThread "Finalizer" daemon [_thread_blocked, id=8120, stack(0x00007f1184c53000,0x00007f1184d54000)]
  0x00007f1180046800 JavaThread "Reference Handler" daemon [_thread_blocked, id=8119, stack(0x00007f1184d54000,0x00007f1184e55000)]
  0x0000000041ebf800 JavaThread "main" [_thread_blocked, id=8115, stack(0x00007f11b5179000,0x00007f11b527a000)]

Other Threads:
  0x00007f1180042000 VMThread [stack: 0x00007f1184e55000,0x00007f1184f56000] [id=8118]
  0x00007f1180072800 WatcherThread [stack: 0x00007f118470f000,0x00007f1184810000] [id=8125]

=>0x0000000041ed2800 (exited) GCTaskThread [stack: 0x00007f1185523000,0x00007f1185624000] [id=8116]

VM state:at safepoint (normal execution)

VM Mutex/Monitor currently owned by a thread:  ([mutex/lock_event])
[0x0000000041ebdf50] Threads_lock - owner thread: 0x00007f1180042000
[0x0000000041ebe450] Heap_lock - owner thread: 0x0000000041ebf800

Heap
 PSYoungGen      total 9088K, used 9072K [0x00007f11a6d90000, 0x00007f11a7f50000, 0x00007f11b1830000)
  eden space 7808K, 100% used [0x00007f11a6d90000,0x00007f11a7530000,0x00007f11a7530000)
  from space 1280K, 98% used [0x00007f11a7530000,0x00007f11a766c018,0x00007f11a7670000)
  to   space 1280K, 47% used [0x00007f11a7e10000,0x00007f11a7ea8000,0x00007f11a7f50000)
 PSOldGen        total 20736K, used 8K [0x00007f1191830000, 0x00007f1192c70000, 0x00007f11a6d90000)
  object space 20736K, 0% used [0x00007f1191830000,0x00007f1191832000,0x00007f1192c70000)
 PSPermGen       total 21248K, used 9079K [0x00007f1185830000, 0x00007f1186cf0000, 0x00007f1191830000)
  object space 21248K, 42% used [0x00007f1185830000,0x00007f118610de20,0x00007f1186cf0000)

Dynamic libraries:
40000000-40009000 r-xp 00000000 08:01 791582                             /usr/lib/jvm/java-6-sun-1.6.0.20/jre/bin/java
40108000-4010a000 rwxp 00008000 08:01 791582                             /usr/lib/jvm/java-6-sun-1.6.0.20/jre/bin/java
41eb8000-42151000 rwxp 00000000 00:00 0                                  [heap]
7f1180000000-7f1180d1f000 rwxp 00000000 00:00 0 
7f1180d1f000-7f1184000000 ---p 00000000 00:00 0 
7f1184648000-7f11846a7000 r-xs 00ba5000 08:01 792606                     /usr/lib/jvm/java-6-sun-1.6.0.20/lib/tools.jar
7f11846a7000-7f11846bb000 r-xs 0012f000 08:01 1305931                    /etc/grails-1.3.7/lib/ant-1.7.1.jar
7f11846bb000-7f118470f000 r-xs 00516000 08:01 1305960                    /etc/grails-1.3.7/lib/groovy-all-1.7.8.jar
7f118470f000-7f1184710000 ---p 00000000 00:00 0 
7f1184710000-7f1184810000 rwxp 00000000 00:00 0 
7f1184810000-7f1184813000 ---p 00000000 00:00 0 
7f1184813000-7f1184911000 rwxp 00000000 00:00 0 
7f1184911000-7f1184914000 ---p 00000000 00:00 0 
7f1184914000-7f1184a12000 rwxp 00000000 00:00 0 
7f1184a12000-7f1184a15000 ---p 00000000 00:00 0 
7f1184a15000-7f1184b13000 rwxp 00000000 00:00 0 
7f1184b13000-7f1184b16000 ---p 00000000 00:00 0 
7f1184b16000-7f1184c14000 rwxp 00000000 00:00 0 
7f1184c14000-7f1184c53000 r-xp 00000000 08:01 142821                     /usr/lib/locale/pt_BR.utf8/LC_CTYPE
7f1184c53000-7f1184c56000 ---p 00000000 00:00 0 
7f1184c56000-7f1184d54000 rwxp 00000000 00:00 0 
7f1184d54000-7f1184d57000 ---p 00000000 00:00 0 
7f1184d57000-7f1184e55000 rwxp 00000000 00:00 0 
7f1184e55000-7f1184e56000 ---p 00000000 00:00 0 
7f1184e56000-7f118528c000 rwxp 00000000 00:00 0 
7f118528c000-7f1185422000 r-xs 02fd0000 08:01 791686                     /usr/lib/jvm/java-6-sun-1.6.0.20/jre/lib/rt.jar
7f1185422000-7f1185423000 ---p 00000000 00:00 0 
7f1185423000-7f1185523000 rwxp 00000000 00:00 0 
7f1185523000-7f1185524000 ---p 00000000 00:00 0 
7f1185524000-7f118562f000 rwxp 00000000 00:00 0 
7f118562f000-7f11856cf000 rwxp 00000000 00:00 0 
7f11856cf000-7f11856da000 rwxp 00000000 00:00 0 
7f11856da000-7f118572f000 rwxp 00000000 00:00 0 
7f118572f000-7f118573a000 rwxp 00000000 00:00 0 
7f118573a000-7f11857d9000 rwxp 00000000 00:00 0 
7f11857d9000-7f11857e3000 rwxp 00000000 00:00 0 
7f11857e3000-7f118582f000 rwxp 00000000 00:00 0 
7f118582f000-7f1186cf0000 rwxp 00000000 00:00 0 
7f1186cf0000-7f1191830000 rwxp 00000000 00:00 0 
7f1191830000-7f1192c70000 rwxp 00000000 00:00 0 
7f1192c70000-7f11a6d90000 rwxp 00000000 00:00 0 
7f11a6d90000-7f11a7f50000 rwxp 00000000 00:00 0 
7f11a7f50000-7f11b1830000 rwxp 00000000 00:00 0 
7f11b183a000-7f11b1844000 rwxp 00000000 00:00 0 
7f11b1844000-7f11b18fa000 rwxp 00000000 00:00 0 
7f11b18fa000-7f11b1b6a000 rwxp 00000000 00:00 0 
7f11b1b6a000-7f11b48fa000 rwxp 00000000 00:00 0 
7f11b48fa000-7f11b4908000 r-xp 00000000 08:01 791703                     /usr/lib/jvm/java-6-sun-1.6.0.20/jre/lib/amd64/libzip.so
7f11b4908000-7f11b4a0a000 ---p 0000e000 08:01 791703                     /usr/lib/jvm/java-6-sun-1.6.0.20/jre/lib/amd64/libzip.so
7f11b4a0a000-7f11b4a0d000 rwxp 00010000 08:01 791703                     /usr/lib/jvm/java-6-sun-1.6.0.20/jre/lib/amd64/libzip.so
7f11b4a0d000-7f11b4a0e000 rwxp 00000000 00:00 0 
7f11b4a0e000-7f11b4a15000 r-xp 00000000 08:01 791705                     /usr/lib/jvm/java-6-sun-1.6.0.20/jre/lib/amd64/native_threads/libhpi.so
7f11b4a15000-7f11b4b16000 ---p 00007000 08:01 791705                     /usr/lib/jvm/java-6-sun-1.6.0.20/jre/lib/amd64/native_threads/libhpi.so
7f11b4b16000-7f11b4b18000 rwxp 00008000 08:01 791705                     /usr/lib/jvm/java-6-sun-1.6.0.20/jre/lib/amd64/native_threads/libhpi.so
7f11b4b18000-7f11b4b19000 rwxp 00000000 00:00 0 
7f11b4b19000-7f11b4b30000 r-xp 00000000 08:01 136434                     /lib/libnsl-2.11.1.so
7f11b4b30000-7f11b4d2f000 ---p 00017000 08:01 136434                     /lib/libnsl-2.11.1.so
7f11b4d2f000-7f11b4d30000 r-xp 00016000 08:01 136434                     /lib/libnsl-2.11.1.so
7f11b4d30000-7f11b4d31000 rwxp 00017000 08:01 136434                     /lib/libnsl-2.11.1.so
7f11b4d31000-7f11b4d33000 rwxp 00000000 00:00 0 
7f11b4d33000-7f11b4d5c000 r-xp 00000000 08:01 791716                     /usr/lib/jvm/java-6-sun-1.6.0.20/jre/lib/amd64/libjava.so
7f11b4d5c000-7f11b4e5b000 ---p 00029000 08:01 791716                     /usr/lib/jvm/java-6-sun-1.6.0.20/jre/lib/amd64/libjava.so
7f11b4e5b000-7f11b4e62000 rwxp 00028000 08:01 791716                     /usr/lib/jvm/java-6-sun-1.6.0.20/jre/lib/amd64/libjava.so
7f11b4e62000-7f11b4e6f000 r-xp 00000000 08:01 791698                     /usr/lib/jvm/java-6-sun-1.6.0.20/jre/lib/amd64/libverify.so
7f11b4e6f000-7f11b4f6e000 ---p 0000d000 08:01 791698                     /usr/lib/jvm/java-6-sun-1.6.0.20/jre/lib/amd64/libverify.so
7f11b4f6e000-7f11b4f71000 rwxp 0000c000 08:01 791698                     /usr/lib/jvm/java-6-sun-1.6.0.20/jre/lib/amd64/libverify.so
7f11b4f71000-7f11b4f78000 r-xp 00000000 08:01 136509                     /lib/librt-2.11.1.so
7f11b4f78000-7f11b5177000 ---p 00007000 08:01 136509                     /lib/librt-2.11.1.so
7f11b5177000-7f11b5178000 r-xp 00006000 08:01 136509                     /lib/librt-2.11.1.so
7f11b5178000-7f11b5179000 rwxp 00007000 08:01 136509                     /lib/librt-2.11.1.so
7f11b5179000-7f11b517c000 ---p 00000000 00:00 0 
7f11b517c000-7f11b527a000 rwxp 00000000 00:00 0 
7f11b527a000-7f11b52fc000 r-xp 00000000 08:01 136070                     /lib/libm-2.11.1.so
7f11b52fc000-7f11b54fb000 ---p 00082000 08:01 136070                     /lib/libm-2.11.1.so
7f11b54fb000-7f11b54fc000 r-xp 00081000 08:01 136070                     /lib/libm-2.11.1.so
7f11b54fc000-7f11b54fd000 rwxp 00082000 08:01 136070                     /lib/libm-2.11.1.so
7f11b54fd000-7f11b5cb2000 r-xp 00000000 08:01 791723                     /usr/lib/jvm/java-6-sun-1.6.0.20/jre/lib/amd64/server/libjvm.so
7f11b5cb2000-7f11b5db1000 ---p 007b5000 08:01 791723                     /usr/lib/jvm/java-6-sun-1.6.0.20/jre/lib/amd64/server/libjvm.so
7f11b5db1000-7f11b5f3c000 rwxp 007b4000 08:01 791723                     /usr/lib/jvm/java-6-sun-1.6.0.20/jre/lib/amd64/server/libjvm.so
7f11b5f3c000-7f11b5f75000 rwxp 00000000 00:00 0 
7f11b5f75000-7f11b60ef000 r-xp 00000000 08:01 135637                     /lib/libc-2.11.1.so
7f11b60ef000-7f11b62ee000 ---p 0017a000 08:01 135637                     /lib/libc-2.11.1.so
7f11b62ee000-7f11b62f2000 r-xp 00179000 08:01 135637                     /lib/libc-2.11.1.so
7f11b62f2000-7f11b62f3000 rwxp 0017d000 08:01 135637                     /lib/libc-2.11.1.so
7f11b62f3000-7f11b62f8000 rwxp 00000000 00:00 0 
7f11b62f8000-7f11b62fa000 r-xp 00000000 08:01 135720                     /lib/libdl-2.11.1.so
7f11b62fa000-7f11b64fa000 ---p 00002000 08:01 135720                     /lib/libdl-2.11.1.so
7f11b64fa000-7f11b64fb000 r-xp 00002000 08:01 135720                     /lib/libdl-2.11.1.so
7f11b64fb000-7f11b64fc000 rwxp 00003000 08:01 135720                     /lib/libdl-2.11.1.so
7f11b64fc000-7f11b6514000 r-xp 00000000 08:01 136507                     /lib/libpthread-2.11.1.so
7f11b6514000-7f11b6713000 ---p 00018000 08:01 136507                     /lib/libpthread-2.11.1.so
7f11b6713000-7f11b6714000 r-xp 00017000 08:01 136507                     /lib/libpthread-2.11.1.so
7f11b6714000-7f11b6715000 rwxp 00018000 08:01 136507                     /lib/libpthread-2.11.1.so
7f11b6715000-7f11b6719000 rwxp 00000000 00:00 0 
7f11b6719000-7f11b6739000 r-xp 00000000 08:01 135174                     /lib/ld-2.11.1.so
7f11b6739000-7f11b673e000 r-xs 00049000 08:01 1305958                    /etc/grails-1.3.7/lib/gant_groovy1.7-1.9.2.jar
7f11b673e000-7f11b674d000 r-xs 000d9000 08:01 1305969                    /etc/grails-1.3.7/lib/ivy-2.2.0.jar
7f11b674d000-7f11b6780000 rwxp 00000000 00:00 0 
7f11b6780000-7f11b67d5000 rwxp 00000000 00:00 0 
7f11b67d5000-7f11b680a000 r-xs 00000000 08:01 1047890                    /var/cache/nscd/passwd
7f11b680a000-7f11b680d000 rwxp 00000000 00:00 0 
7f11b680d000-7f11b6814000 r-xp 00000000 08:01 791689                     /usr/lib/jvm/java-6-sun-1.6.0.20/jre/lib/amd64/jli/libjli.so
7f11b6814000-7f11b6915000 ---p 00007000 08:01 791689                     /usr/lib/jvm/java-6-sun-1.6.0.20/jre/lib/amd64/jli/libjli.so
7f11b6915000-7f11b6917000 rwxp 00008000 08:01 791689                     /usr/lib/jvm/java-6-sun-1.6.0.20/jre/lib/amd64/jli/libjli.so
7f11b6917000-7f11b6918000 rwxp 00000000 00:00 0 
7f11b691b000-7f11b6922000 r-xs 0005a000 08:01 1305959                    /etc/grails-1.3.7/lib/gpars-0.9.jar
7f11b6922000-7f11b6926000 r-xs 00045000 08:01 1309600                    /etc/grails-1.3.7/dist/grails-bootstrap-1.3.7.jar
7f11b6926000-7f11b692d000 r-xs 00000000 08:01 136564                     /usr/lib/gconv/gconv-modules.cache
7f11b692d000-7f11b6935000 rwxs 00000000 08:05 185                        /tmp/hsperfdata_ericksonfgds/8103
7f11b6935000-7f11b6936000 rwxp 00000000 00:00 0 
7f11b6936000-7f11b6937000 ---p 00000000 00:00 0 
7f11b6937000-7f11b6939000 rwxp 00000000 00:00 0 
7f11b6939000-7f11b693a000 r-xp 00020000 08:01 135174                     /lib/ld-2.11.1.so
7f11b693a000-7f11b693b000 rwxp 00021000 08:01 135174                     /lib/ld-2.11.1.so
7f11b693b000-7f11b693c000 rwxp 00000000 00:00 0 
7fff611ba000-7fff611cf000 rwxp 00000000 00:00 0                          [stack]
7fff611ff000-7fff61200000 r-xp 00000000 00:00 0                          [vdso]
ffffffffff600000-ffffffffff601000 r-xp 00000000 00:00 0                  [vsyscall]

VM Arguments:
jvm_args: -Xmx512M -XX:MaxPermSize=192m -Dfile.encoding=UTF-8 -Dgrails.home=/etc/grails-1.3.7 -Dtools.jar=/usr/lib/jvm/java-6-sun//lib/tools.jar 
java_command: org.codehaus.groovy.grails.cli.support.GrailsStarter --main org.codehaus.groovy.grails.cli.GrailsScriptRunner --conf /etc/grails-1.3.7/conf/groovy-starter.conf --classpath  run-app
Launcher Type: SUN_STANDARD

Environment Variables:
JAVA_HOME=/usr/lib/jvm/java-6-sun/
PATH=/etc/grails-1.3.7/bin:/usr/local/sbin:/usr/local/bin:/usr/sbin:/usr/bin:/sbin:/bin:/usr/games
USERNAME=ericksonfgds
LD_LIBRARY_PATH=/usr/lib/jvm/java-6-sun-1.6.0.20/jre/lib/amd64/server:/usr/lib/jvm/java-6-sun-1.6.0.20/jre/lib/amd64:/usr/lib/jvm/java-6-sun-1.6.0.20/jre/../lib/amd64
SHELL=/bin/bash
DISPLAY=:0.0

Signal Handlers:
SIGSEGV: [libjvm.so+0x70ffd0], sa_mask[0]=0x7ffbfeff, sa_flags=0x10000004
SIGBUS: [libjvm.so+0x70ffd0], sa_mask[0]=0x7ffbfeff, sa_flags=0x10000004
SIGFPE: [libjvm.so+0x5d8cf0], sa_mask[0]=0x7ffbfeff, sa_flags=0x10000004
SIGPIPE: [libjvm.so+0x5d8cf0], sa_mask[0]=0x7ffbfeff, sa_flags=0x10000004
SIGXFSZ: [libjvm.so+0x5d8cf0], sa_mask[0]=0x7ffbfeff, sa_flags=0x10000004
SIGILL: [libjvm.so+0x5d8cf0], sa_mask[0]=0x7ffbfeff, sa_flags=0x10000004
SIGUSR1: SIG_DFL, sa_mask[0]=0x00000000, sa_flags=0x00000000
SIGUSR2: [libjvm.so+0x5db510], sa_mask[0]=0x00000000, sa_flags=0x10000004
SIGHUP: [libjvm.so+0x5db260], sa_mask[0]=0x7ffbfeff, sa_flags=0x10000004
SIGINT: [libjvm.so+0x5db260], sa_mask[0]=0x7ffbfeff, sa_flags=0x10000004
SIGTERM: [libjvm.so+0x5db260], sa_mask[0]=0x7ffbfeff, sa_flags=0x10000004
SIGQUIT: [libjvm.so+0x5db260], sa_mask[0]=0x7ffbfeff, sa_flags=0x10000004


---------------  S Y S T E M  ---------------

OS:squeeze/sid

uname:Linux 2.6.32-24-vserver #38~ppa1-Ubuntu SMP Mon Jul 26 12:26:16 UTC 2010 x86_64
libc:glibc 2.11.1 NPTL 2.11.1 
rlimit: STACK 8192k, CORE 0k, NPROC infinity, NOFILE 1024, AS infinity
load average:0.35 0.41 0.31

CPU:total 2 (2 cores per cpu, 1 threads per core) family 6 model 15 stepping 13, cmov, cx8, fxsr, mmx, sse, sse2, sse3, ssse3

Memory: 4k page, physical 1990384k(668376k free), swap 6835192k(6833608k free)

vm_info: Java HotSpot(TM) 64-Bit Server VM (16.3-b01) for linux-amd64 JRE (1.6.0_20-b02), built on Apr 12 2010 13:57:11 by "java_re" with gcc 3.2.2 (SuSE Linux)

time: Mon Mar 14 13:30:07 2011
elapsed time: 0 seconds

