#
# A fatal error has been detected by the Java Runtime Environment:
#
#  SIGSEGV (0xb) at pc=0x00007f019c75e9be, pid=8038, tid=139644088493840
#
# JRE version: 6.0_20-b02
# Java VM: Java HotSpot(TM) 64-Bit Server VM (16.3-b01 mixed mode linux-amd64 )
# Problematic frame:
# V  [libjvm.so+0x2de9be]
#
# If you would like to submit a bug report, please visit:
#   http://java.sun.com/webapps/bugreport/crash.jsp
#

---------------  T H R E A D  ---------------

Current thread (0x0000000041aa6000):  GCTaskThread [stack: 0x00007f016c3a2000,0x00007f016c4a3000] [id=8052]

siginfo:si_signo=SIGSEGV: si_errno=0, si_code=128 (), si_addr=0x0000000000000000

Registers:
RAX=0x0000000000000001, RBX=0x0000000041ae78f0, RCX=0x00007f016ce02370, RDX=0x0054000000000000
RSP=0x00007f016c4a17f0, RBP=0x00007f016c4a1810, RSI=0x00007f0178c5c1f0, RDI=0x0000000041ae78f0
R8 =0x00007f016ce02360, R9 =0x0000000000000009, R10=0x00007f0178c59401, R11=0x00007f019cda7d60
R12=0x00007f0178c5c1f0, R13=0x00007f016ce02370, R14=0x00007f016ce02370, R15=0x0000000041ae78f0
RIP=0x00007f019c75e9be, EFL=0x0000000000010206, CSGSFS=0x0000000000000033, ERR=0x0000000000000000
  TRAPNO=0x000000000000000d

Top of Stack: (sp=0x00007f016c4a17f0)
0x00007f016c4a17f0:   0000000041ae78f0 00007f0178c5c178
0x00007f016c4a1800:   00007f0178c5c1f0 00007f0178c5c1b0
0x00007f016c4a1810:   00007f016c4a1850 00007f019c82f7d2
0x00007f016c4a1820:   00007f0178c5c198 0000000041ae7920
0x00007f016c4a1830:   0000000000000001 00007f0178c5c198
0x00007f016c4a1840:   00007f018e9b81a8 0000000041ae78f0
0x00007f016c4a1850:   00007f016c4a18d0 00007f019caa3268
0x00007f016c4a1860:   0000000000000400 0000000041a9f9a0
0x00007f016c4a1870:   000000000000000c 01017f019caa3cd0
0x00007f016c4a1880:   00007f016c4a18b0 0000000000000001
0x00007f016c4a1890:   00007f0178c5bf70 0000000000000400
0x00007f016c4a18a0:   00007f016c4a18f0 00007f0178c59450
0x00007f016c4a18b0:   0000000041ae78f0 0000000041ae79b8
0x00007f016c4a18c0:   0000000041ae79a0 0000000000000000
0x00007f016c4a18d0:   00007f016c4a18f0 00007f019caa3b80
0x00007f016c4a18e0:   0000000041ae79a0 0000000000000000
0x00007f016c4a18f0:   00007f016c4a1930 00007f019caa2d17
0x00007f016c4a1900:   00007f0178c59450 00000000ffffc018
0x00007f016c4a1910:   00007f0178820000 0000000000000057
0x00007f016c4a1920:   00007f016c6af381 0000000041ae78f0
0x00007f016c4a1930:   00007f016c4a19c0 00007f019c6bd952
0x00007f016c4a1940:   00007f0178820000 00007f016c6af381
0x00007f016c4a1950:   00007f016c6af300 00007f016c6af300
0x00007f016c4a1960:   00007f0178800000 00007f016c6afd42
0x00007f016c4a1970:   0000000001aaa460 0000000041ae78f0
0x00007f016c4a1980:   00007f01789583d0 0000000041a9f9c0
0x00007f016c4a1990:   0000000041a9f700 0000000041aaa460
0x00007f016c4a19a0:   0000000041ae78f0 0000000041aa6000
0x00007f016c4a19b0:   00007f019cbf0b11 0000000000000000
0x00007f016c4a19c0:   00007f016c4a19e0 00007f019caa65cb
0x00007f016c4a19d0:   00007f019cd9218c 0000000041aaa460
0x00007f016c4a19e0:   00007f016c4a1ae0 00007f019c7e66aa 

Instructions: (pc=0x00007f019c75e9be)
0x00007f019c75e9ae:   f0 4c 89 65 f8 48 89 fb 49 89 f4 74 5e 48 8b 16
0x00007f019c75e9be:   48 8b 0a 83 e1 03 48 83 f9 03 75 59 48 8b 0d df 

Stack: [0x00007f016c3a2000,0x00007f016c4a3000],  sp=0x00007f016c4a17f0,  free space=3fd0000000000000018k
Native frames: (J=compiled Java code, j=interpreted, Vv=VM code, C=native code)
V  [libjvm.so+0x2de9be]
V  [libjvm.so+0x3af7d2]
V  [libjvm.so+0x623268]
V  [libjvm.so+0x623b80]
V  [libjvm.so+0x622d17]
V  [libjvm.so+0x23d952]
V  [libjvm.so+0x6265cb]
V  [libjvm.so+0x3666aa]
V  [libjvm.so+0x5db02f]


---------------  P R O C E S S  ---------------

Java Threads: ( => current thread )
  0x0000000041b1d000 JavaThread "Low Memory Detector" daemon [_thread_blocked, id=8059, stack(0x00007f016b891000,0x00007f016b992000)]
  0x0000000041b1a800 JavaThread "CompilerThread1" daemon [_thread_blocked, id=8058, stack(0x00007f0163eff000,0x00007f0164000000)]
  0x0000000041b17000 JavaThread "CompilerThread0" daemon [_thread_blocked, id=8057, stack(0x00007f016b992000,0x00007f016ba93000)]
  0x0000000041b15000 JavaThread "Signal Dispatcher" daemon [_thread_blocked, id=8056, stack(0x00007f016ba93000,0x00007f016bb94000)]
  0x0000000041af5000 JavaThread "Finalizer" daemon [_thread_blocked, id=8055, stack(0x00007f016bbd3000,0x00007f016bcd4000)]
  0x0000000041aed800 JavaThread "Reference Handler" daemon [_thread_blocked, id=8054, stack(0x00007f016bcd4000,0x00007f016bdd5000)]
  0x0000000041a91800 JavaThread "main" [_thread_blocked, id=8050, stack(0x00007f019c0fc000,0x00007f019c1fd000)]

Other Threads:
  0x0000000041ae9000 VMThread [stack: 0x00007f016bdd5000,0x00007f016bed6000] [id=8053]
  0x0000000041b20000 WatcherThread [stack: 0x00007f016b790000,0x00007f016b891000] [id=8060]

=>0x0000000041aa6000 (exited) GCTaskThread [stack: 0x00007f016c3a2000,0x00007f016c4a3000] [id=8052]

VM state:at safepoint (normal execution)

VM Mutex/Monitor currently owned by a thread:  ([mutex/lock_event])
[0x0000000041a8ff50] Threads_lock - owner thread: 0x0000000041ae9000
[0x0000000041a90450] Heap_lock - owner thread: 0x0000000041a91800

Heap
 PSYoungGen      total 16896K, used 16896K [0x00007f018dd10000, 0x00007f018eed0000, 0x00007f01987b0000)
  eden space 15616K, 100% used [0x00007f018dd10000,0x00007f018ec50000,0x00007f018ec50000)
  from space 1280K, 100% used [0x00007f018ed90000,0x00007f018eed0000,0x00007f018eed0000)
  to   space 1280K, 100% used [0x00007f018ec50000,0x00007f018ed90000,0x00007f018ed90000)
 PSOldGen        total 20736K, used 5239K [0x00007f01787b0000, 0x00007f0179bf0000, 0x00007f018dd10000)
  object space 20736K, 25% used [0x00007f01787b0000,0x00007f0178ccdfa8,0x00007f0179bf0000)
 PSPermGen       total 21248K, used 12862K [0x00007f016c7b0000, 0x00007f016dc70000, 0x00007f01787b0000)
  object space 21248K, 60% used [0x00007f016c7b0000,0x00007f016d43fac0,0x00007f016dc70000)

Dynamic libraries:
40000000-40009000 r-xp 00000000 08:01 791582                             /usr/lib/jvm/java-6-sun-1.6.0.20/jre/bin/java
40108000-4010a000 rwxp 00008000 08:01 791582                             /usr/lib/jvm/java-6-sun-1.6.0.20/jre/bin/java
41a8a000-42011000 rwxp 00000000 00:00 0                                  [heap]
7f015c000000-7f015cbe7000 rwxp 00000000 00:00 0 
7f015cbe7000-7f0160000000 ---p 00000000 00:00 0 
7f0163eff000-7f0163f02000 ---p 00000000 00:00 0 
7f0163f02000-7f0164000000 rwxp 00000000 00:00 0 
7f0164000000-7f01643a5000 rwxp 00000000 00:00 0 
7f01643a5000-7f0168000000 ---p 00000000 00:00 0 
7f016b6c1000-7f016b6c3000 r-xs 00001000 08:01 791451                     /usr/lib/jvm/java-6-sun-1.6.0.20/jre/lib/ext/dnsns.jar
7f016b6c3000-7f016b6c9000 r-xs 00092000 08:01 791448                     /usr/lib/jvm/java-6-sun-1.6.0.20/jre/lib/jsse.jar
7f016b6c9000-7f016b728000 r-xs 00ba5000 08:01 792606                     /usr/lib/jvm/java-6-sun-1.6.0.20/lib/tools.jar
7f016b728000-7f016b73c000 r-xs 0012f000 08:01 1305931                    /etc/grails-1.3.7/lib/ant-1.7.1.jar
7f016b73c000-7f016b790000 r-xs 00516000 08:01 1305960                    /etc/grails-1.3.7/lib/groovy-all-1.7.8.jar
7f016b790000-7f016b791000 ---p 00000000 00:00 0 
7f016b791000-7f016b891000 rwxp 00000000 00:00 0 
7f016b891000-7f016b894000 ---p 00000000 00:00 0 
7f016b894000-7f016b992000 rwxp 00000000 00:00 0 
7f016b992000-7f016b995000 ---p 00000000 00:00 0 
7f016b995000-7f016ba93000 rwxp 00000000 00:00 0 
7f016ba93000-7f016ba96000 ---p 00000000 00:00 0 
7f016ba96000-7f016bb94000 rwxp 00000000 00:00 0 
7f016bb94000-7f016bbd3000 r-xp 00000000 08:01 142821                     /usr/lib/locale/pt_BR.utf8/LC_CTYPE
7f016bbd3000-7f016bbd6000 ---p 00000000 00:00 0 
7f016bbd6000-7f016bcd4000 rwxp 00000000 00:00 0 
7f016bcd4000-7f016bcd7000 ---p 00000000 00:00 0 
7f016bcd7000-7f016bdd5000 rwxp 00000000 00:00 0 
7f016bdd5000-7f016bdd6000 ---p 00000000 00:00 0 
7f016bdd6000-7f016c20c000 rwxp 00000000 00:00 0 
7f016c20c000-7f016c3a2000 r-xs 02fd0000 08:01 791686                     /usr/lib/jvm/java-6-sun-1.6.0.20/jre/lib/rt.jar
7f016c3a2000-7f016c3a3000 ---p 00000000 00:00 0 
7f016c3a3000-7f016c4a3000 rwxp 00000000 00:00 0 
7f016c4a3000-7f016c4a4000 ---p 00000000 00:00 0 
7f016c4a4000-7f016c5af000 rwxp 00000000 00:00 0 
7f016c5af000-7f016c64f000 rwxp 00000000 00:00 0 
7f016c64f000-7f016c65a000 rwxp 00000000 00:00 0 
7f016c65a000-7f016c6af000 rwxp 00000000 00:00 0 
7f016c6af000-7f016c6ba000 rwxp 00000000 00:00 0 
7f016c6ba000-7f016c759000 rwxp 00000000 00:00 0 
7f016c759000-7f016c763000 rwxp 00000000 00:00 0 
7f016c763000-7f016c7af000 rwxp 00000000 00:00 0 
7f016c7af000-7f016dc70000 rwxp 00000000 00:00 0 
7f016dc70000-7f01787b0000 rwxp 00000000 00:00 0 
7f01787b0000-7f0179bf0000 rwxp 00000000 00:00 0 
7f0179bf0000-7f018dd10000 rwxp 00000000 00:00 0 
7f018dd10000-7f018eed0000 rwxp 00000000 00:00 0 
7f018eed0000-7f01987b0000 rwxp 00000000 00:00 0 
7f01987bd000-7f01987c7000 rwxp 00000000 00:00 0 
7f01987c7000-7f019887d000 rwxp 00000000 00:00 0 
7f019887d000-7f0198aed000 rwxp 00000000 00:00 0 
7f0198aed000-7f019b87d000 rwxp 00000000 00:00 0 
7f019b87d000-7f019b88b000 r-xp 00000000 08:01 791703                     /usr/lib/jvm/java-6-sun-1.6.0.20/jre/lib/amd64/libzip.so
7f019b88b000-7f019b98d000 ---p 0000e000 08:01 791703                     /usr/lib/jvm/java-6-sun-1.6.0.20/jre/lib/amd64/libzip.so
7f019b98d000-7f019b990000 rwxp 00010000 08:01 791703                     /usr/lib/jvm/java-6-sun-1.6.0.20/jre/lib/amd64/libzip.so
7f019b990000-7f019b991000 rwxp 00000000 00:00 0 
7f019b991000-7f019b998000 r-xp 00000000 08:01 791705                     /usr/lib/jvm/java-6-sun-1.6.0.20/jre/lib/amd64/native_threads/libhpi.so
7f019b998000-7f019ba99000 ---p 00007000 08:01 791705                     /usr/lib/jvm/java-6-sun-1.6.0.20/jre/lib/amd64/native_threads/libhpi.so
7f019ba99000-7f019ba9b000 rwxp 00008000 08:01 791705                     /usr/lib/jvm/java-6-sun-1.6.0.20/jre/lib/amd64/native_threads/libhpi.so
7f019ba9b000-7f019ba9c000 rwxp 00000000 00:00 0 
7f019ba9c000-7f019bab3000 r-xp 00000000 08:01 136434                     /lib/libnsl-2.11.1.so
7f019bab3000-7f019bcb2000 ---p 00017000 08:01 136434                     /lib/libnsl-2.11.1.so
7f019bcb2000-7f019bcb3000 r-xp 00016000 08:01 136434                     /lib/libnsl-2.11.1.so
7f019bcb3000-7f019bcb4000 rwxp 00017000 08:01 136434                     /lib/libnsl-2.11.1.so
7f019bcb4000-7f019bcb6000 rwxp 00000000 00:00 0 
7f019bcb6000-7f019bcdf000 r-xp 00000000 08:01 791716                     /usr/lib/jvm/java-6-sun-1.6.0.20/jre/lib/amd64/libjava.so
7f019bcdf000-7f019bdde000 ---p 00029000 08:01 791716                     /usr/lib/jvm/java-6-sun-1.6.0.20/jre/lib/amd64/libjava.so
7f019bdde000-7f019bde5000 rwxp 00028000 08:01 791716                     /usr/lib/jvm/java-6-sun-1.6.0.20/jre/lib/amd64/libjava.so
7f019bde5000-7f019bdf2000 r-xp 00000000 08:01 791698                     /usr/lib/jvm/java-6-sun-1.6.0.20/jre/lib/amd64/libverify.so
7f019bdf2000-7f019bef1000 ---p 0000d000 08:01 791698                     /usr/lib/jvm/java-6-sun-1.6.0.20/jre/lib/amd64/libverify.so
7f019bef1000-7f019bef4000 rwxp 0000c000 08:01 791698                     /usr/lib/jvm/java-6-sun-1.6.0.20/jre/lib/amd64/libverify.so
7f019bef4000-7f019befb000 r-xp 00000000 08:01 136509                     /lib/librt-2.11.1.so
7f019befb000-7f019c0fa000 ---p 00007000 08:01 136509                     /lib/librt-2.11.1.so
7f019c0fa000-7f019c0fb000 r-xp 00006000 08:01 136509                     /lib/librt-2.11.1.so
7f019c0fb000-7f019c0fc000 rwxp 00007000 08:01 136509                     /lib/librt-2.11.1.so
7f019c0fc000-7f019c0ff000 ---p 00000000 00:00 0 
7f019c0ff000-7f019c1fd000 rwxp 00000000 00:00 0 
7f019c1fd000-7f019c27f000 r-xp 00000000 08:01 136070                     /lib/libm-2.11.1.so
7f019c27f000-7f019c47e000 ---p 00082000 08:01 136070                     /lib/libm-2.11.1.so
7f019c47e000-7f019c47f000 r-xp 00081000 08:01 136070                     /lib/libm-2.11.1.so
7f019c47f000-7f019c480000 rwxp 00082000 08:01 136070                     /lib/libm-2.11.1.so
7f019c480000-7f019cc35000 r-xp 00000000 08:01 791723                     /usr/lib/jvm/java-6-sun-1.6.0.20/jre/lib/amd64/server/libjvm.so
7f019cc35000-7f019cd34000 ---p 007b5000 08:01 791723                     /usr/lib/jvm/java-6-sun-1.6.0.20/jre/lib/amd64/server/libjvm.so
7f019cd34000-7f019cebf000 rwxp 007b4000 08:01 791723                     /usr/lib/jvm/java-6-sun-1.6.0.20/jre/lib/amd64/server/libjvm.so
7f019cebf000-7f019cef8000 rwxp 00000000 00:00 0 
7f019cef8000-7f019d072000 r-xp 00000000 08:01 135637                     /lib/libc-2.11.1.so
7f019d072000-7f019d271000 ---p 0017a000 08:01 135637                     /lib/libc-2.11.1.so
7f019d271000-7f019d275000 r-xp 00179000 08:01 135637                     /lib/libc-2.11.1.so
7f019d275000-7f019d276000 rwxp 0017d000 08:01 135637                     /lib/libc-2.11.1.so
7f019d276000-7f019d27b000 rwxp 00000000 00:00 0 
7f019d27b000-7f019d27d000 r-xp 00000000 08:01 135720                     /lib/libdl-2.11.1.so
7f019d27d000-7f019d47d000 ---p 00002000 08:01 135720                     /lib/libdl-2.11.1.so
7f019d47d000-7f019d47e000 r-xp 00002000 08:01 135720                     /lib/libdl-2.11.1.so
7f019d47e000-7f019d47f000 rwxp 00003000 08:01 135720                     /lib/libdl-2.11.1.so
7f019d47f000-7f019d497000 r-xp 00000000 08:01 136507                     /lib/libpthread-2.11.1.so
7f019d497000-7f019d696000 ---p 00018000 08:01 136507                     /lib/libpthread-2.11.1.so
7f019d696000-7f019d697000 r-xp 00017000 08:01 136507                     /lib/libpthread-2.11.1.so
7f019d697000-7f019d698000 rwxp 00018000 08:01 136507                     /lib/libpthread-2.11.1.so
7f019d698000-7f019d69c000 rwxp 00000000 00:00 0 
7f019d69c000-7f019d6bc000 r-xp 00000000 08:01 135174                     /lib/ld-2.11.1.so
7f019d6bc000-7f019d6c1000 r-xs 00049000 08:01 1305958                    /etc/grails-1.3.7/lib/gant_groovy1.7-1.9.2.jar
7f019d6c1000-7f019d6d0000 r-xs 000d9000 08:01 1305969                    /etc/grails-1.3.7/lib/ivy-2.2.0.jar
7f019d6d0000-7f019d703000 rwxp 00000000 00:00 0 
7f019d703000-7f019d758000 rwxp 00000000 00:00 0 
7f019d758000-7f019d78d000 r-xs 00000000 08:01 1047890                    /var/cache/nscd/passwd
7f019d78d000-7f019d790000 rwxp 00000000 00:00 0 
7f019d790000-7f019d797000 r-xp 00000000 08:01 791689                     /usr/lib/jvm/java-6-sun-1.6.0.20/jre/lib/amd64/jli/libjli.so
7f019d797000-7f019d898000 ---p 00007000 08:01 791689                     /usr/lib/jvm/java-6-sun-1.6.0.20/jre/lib/amd64/jli/libjli.so
7f019d898000-7f019d89a000 rwxp 00008000 08:01 791689                     /usr/lib/jvm/java-6-sun-1.6.0.20/jre/lib/amd64/jli/libjli.so
7f019d89a000-7f019d89b000 rwxp 00000000 00:00 0 
7f019d89e000-7f019d8a5000 r-xs 0005a000 08:01 1305959                    /etc/grails-1.3.7/lib/gpars-0.9.jar
7f019d8a5000-7f019d8a9000 r-xs 00045000 08:01 1309600                    /etc/grails-1.3.7/dist/grails-bootstrap-1.3.7.jar
7f019d8a9000-7f019d8b0000 r-xs 00000000 08:01 136564                     /usr/lib/gconv/gconv-modules.cache
7f019d8b0000-7f019d8b8000 rwxs 00000000 08:05 181                        /tmp/hsperfdata_ericksonfgds/8038
7f019d8b8000-7f019d8b9000 rwxp 00000000 00:00 0 
7f019d8b9000-7f019d8ba000 ---p 00000000 00:00 0 
7f019d8ba000-7f019d8bc000 rwxp 00000000 00:00 0 
7f019d8bc000-7f019d8bd000 r-xp 00020000 08:01 135174                     /lib/ld-2.11.1.so
7f019d8bd000-7f019d8be000 rwxp 00021000 08:01 135174                     /lib/ld-2.11.1.so
7f019d8be000-7f019d8bf000 rwxp 00000000 00:00 0 
7fff452a6000-7fff452bb000 rwxp 00000000 00:00 0                          [stack]
7fff452cf000-7fff452d0000 r-xp 00000000 00:00 0                          [vdso]
ffffffffff600000-ffffffffff601000 r-xp 00000000 00:00 0                  [vsyscall]

VM Arguments:
jvm_args: -Xmx512M -XX:MaxPermSize=192m -Dfile.encoding=UTF-8 -Dgrails.home=/etc/grails-1.3.7 -Dtools.jar=/usr/lib/jvm/java-6-sun//lib/tools.jar 
java_command: org.codehaus.groovy.grails.cli.support.GrailsStarter --main org.codehaus.groovy.grails.cli.GrailsScriptRunner --conf /etc/grails-1.3.7/conf/groovy-starter.conf --classpath  run-app
Launcher Type: SUN_STANDARD

Environment Variables:
JAVA_HOME=/usr/lib/jvm/java-6-sun/
PATH=/etc/grails-1.3.7/bin:/usr/local/sbin:/usr/local/bin:/usr/sbin:/usr/bin:/sbin:/bin:/usr/games
USERNAME=ericksonfgds
LD_LIBRARY_PATH=/usr/lib/jvm/java-6-sun-1.6.0.20/jre/lib/amd64/server:/usr/lib/jvm/java-6-sun-1.6.0.20/jre/lib/amd64:/usr/lib/jvm/java-6-sun-1.6.0.20/jre/../lib/amd64
SHELL=/bin/bash
DISPLAY=:0.0

Signal Handlers:
SIGSEGV: [libjvm.so+0x70ffd0], sa_mask[0]=0x7ffbfeff, sa_flags=0x10000004
SIGBUS: [libjvm.so+0x70ffd0], sa_mask[0]=0x7ffbfeff, sa_flags=0x10000004
SIGFPE: [libjvm.so+0x5d8cf0], sa_mask[0]=0x7ffbfeff, sa_flags=0x10000004
SIGPIPE: [libjvm.so+0x5d8cf0], sa_mask[0]=0x7ffbfeff, sa_flags=0x10000004
SIGXFSZ: [libjvm.so+0x5d8cf0], sa_mask[0]=0x7ffbfeff, sa_flags=0x10000004
SIGILL: [libjvm.so+0x5d8cf0], sa_mask[0]=0x7ffbfeff, sa_flags=0x10000004
SIGUSR1: SIG_DFL, sa_mask[0]=0x00000000, sa_flags=0x00000000
SIGUSR2: [libjvm.so+0x5db510], sa_mask[0]=0x00000000, sa_flags=0x10000004
SIGHUP: [libjvm.so+0x5db260], sa_mask[0]=0x7ffbfeff, sa_flags=0x10000004
SIGINT: [libjvm.so+0x5db260], sa_mask[0]=0x7ffbfeff, sa_flags=0x10000004
SIGTERM: [libjvm.so+0x5db260], sa_mask[0]=0x7ffbfeff, sa_flags=0x10000004
SIGQUIT: [libjvm.so+0x5db260], sa_mask[0]=0x7ffbfeff, sa_flags=0x10000004


---------------  S Y S T E M  ---------------

OS:squeeze/sid

uname:Linux 2.6.32-24-vserver #38~ppa1-Ubuntu SMP Mon Jul 26 12:26:16 UTC 2010 x86_64
libc:glibc 2.11.1 NPTL 2.11.1 
rlimit: STACK 8192k, CORE 0k, NPROC infinity, NOFILE 1024, AS infinity
load average:0.16 0.42 0.30

CPU:total 2 (2 cores per cpu, 1 threads per core) family 6 model 15 stepping 13, cmov, cx8, fxsr, mmx, sse, sse2, sse3, ssse3

Memory: 4k page, physical 1990384k(644684k free), swap 6835192k(6833608k free)

vm_info: Java HotSpot(TM) 64-Bit Server VM (16.3-b01) for linux-amd64 JRE (1.6.0_20-b02), built on Apr 12 2010 13:57:11 by "java_re" with gcc 3.2.2 (SuSE Linux)

time: Mon Mar 14 13:27:49 2011
elapsed time: 1 seconds

