#
# A fatal error has been detected by the Java Runtime Environment:
#
#  SIGSEGV (0xb) at pc=0x00007fb630acf2bf, pid=7922, tid=140419656197904
#
# JRE version: 6.0_20-b02
# Java VM: Java HotSpot(TM) 64-Bit Server VM (16.3-b01 mixed mode linux-amd64 )
# Problematic frame:
# V  [libjvm.so+0x5412bf]
#
# If you would like to submit a bug report, please visit:
#   http://java.sun.com/webapps/bugreport/crash.jsp
#

---------------  T H R E A D  ---------------

Current thread (0x0000000040d8e000):  JavaThread "CompilerThread0" daemon [_thread_in_native, id=7941, stack(0x00007fb5ffaa2000,0x00007fb5ffba3000)]

siginfo:si_signo=SIGSEGV: si_errno=0, si_code=128 (), si_addr=0x0000000000000000

Registers:
RAX=0x00007fb5f86e0260, RBX=0x0000000000000004, RCX=0x0000000000000000, RDX=0x0000000000000000
RSP=0x00007fb5ffb9e840, RBP=0x00007fb5ffb9e8f0, RSI=0x00707fb630fd26e0, RDI=0x0000000000000000
R8 =0x0000000000000010, R9 =0x00007fb5f8729740, R10=0x0000000000000001, R11=0x0000000000000001
R12=0x0000000000000000, R13=0x0000000000000010, R14=0x0000000000000000, R15=0x00007fb5f8690a60
RIP=0x00007fb630acf2bf, EFL=0x0000000000010246, CSGSFS=0x0000000000000033, ERR=0x0000000000000000
  TRAPNO=0x000000000000000d

Top of Stack: (sp=0x00007fb5ffb9e840)
0x00007fb5ffb9e840:   00007fb5ffb9eba0 00007fb5ffb9e880
0x00007fb5ffb9e850:   000000004171cdf0 0000000000000000
0x00007fb5ffb9e860:   00007fb5f86e0260 00007fb5ffb9e960
0x00007fb5ffb9e870:   00000000410537a0 00007fb5ffb9eb20
0x00007fb5ffb9e880:   0000000500000001 00007fb600000001
0x00007fb5ffb9e890:   00007fb5f876dc00 00007fb500000001
0x00007fb5ffb9e8a0:   00000000412f6fe0 00007fb500000018
0x00007fb5ffb9e8b0:   00000000412f6f40 00007fb6309324da
0x00007fb5ffb9e8c0:   00007fb5ffb9e8f0 0000000000003093
0x00007fb5ffb9e8d0:   0000000040f22100 00007fb5f8471ac0
0x00007fb5ffb9e8e0:   00007fb5ffb9eb20 0000000000000001
0x00007fb5ffb9e8f0:   00007fb5ffb9e9d0 00007fb630ace757
0x00007fb5ffb9e900:   00007fb5ffba1070 00007fb5f86df900
0x00007fb5ffb9e910:   00007fb5ffb9e920 0000000000000001
0x00007fb5ffb9e920:   00000000410537a0 00000001307d388f
0x00007fb5ffb9e930:   0000000041053400 0000000330e83eb0
0x00007fb5ffb9e940:   00000000412f6f40 00000000410533f0
0x00007fb5ffb9e950:   000007a2ffb9e9d0 00007fb5ffb9e960
0x00007fb5ffb9e960:   00007fb630ebc690 0000000040d8e8f0
0x00007fb5ffb9e970:   00007fb500000008 00000000412f3120
0x00007fb5ffb9e980:   0000000040d8e8f0 0000000040f99140
0x00007fb5ffb9e990:   0000000040f99190 0000000040fa1128
0x00007fb5ffb9e9a0:   00007fb5ffb9f5d0 00007fb630e96cd0
0x00007fb5ffb9e9b0:   00007fb5ffb9f5d0 00007fb5ffb9eb20
0x00007fb5ffb9e9c0:   00007fb5ffb9eae0 00007fb5ffb9eab0
0x00007fb5ffb9e9d0:   00007fb5ffb9ebf0 00007fb6307d60c9
0x00007fb5ffb9e9e0:   00007fb5ffb9f698 00007fb5ffb9eba0
0x00007fb5ffb9e9f0:   0000000000000010 00007fb5ffb9ea80
0x00007fb5ffb9ea00:   00007fb5f827eed0 00007fb5f8000020
0x00007fb5ffb9ea10:   00007fb5ffb9ea70 0000000000053480
0x00007fb5ffb9ea20:   0000000000045e60 0000000000000d62
0x00007fb5ffb9ea30:   00007fb5ffb9f6f0 00007fb631083e53 

Instructions: (pc=0x00007fb630acf2bf)
0x00007fb630acf2af:   ff 48 8b 85 70 ff ff ff 4c 8b 48 08 4b 8b 34 f1
0x00007fb630acf2bf:   46 85 2c a6 0f 85 28 ff ff ff 4c 8b 95 60 ff ff 

Stack: [0x00007fb5ffaa2000,0x00007fb5ffba3000],  sp=0x00007fb5ffb9e840,  free space=3f20000000000000018k
Native frames: (J=compiled Java code, j=interpreted, Vv=VM code, C=native code)
V  [libjvm.so+0x5412bf]
V  [libjvm.so+0x540757]
V  [libjvm.so+0x2480c9]
V  [libjvm.so+0x2a78e3]
V  [libjvm.so+0x2a3d94]
V  [libjvm.so+0x2367b6]
V  [libjvm.so+0x2acd88]
V  [libjvm.so+0x2ac716]
V  [libjvm.so+0x6d3909]
V  [libjvm.so+0x6cd3d2]
V  [libjvm.so+0x5db02f]


Current CompileTask:
C2: 50      java.util.Arrays.mergeSort([Ljava/lang/Object;[Ljava/lang/Object;III)V (234 bytes)


---------------  P R O C E S S  ---------------

Java Threads: ( => current thread )
  0x00007fb5f8003800 JavaThread "Low Memory Detector" daemon [_thread_blocked, id=7943, stack(0x00007fb5ff8a0000,0x00007fb5ff9a1000)]
  0x00007fb5f8001000 JavaThread "CompilerThread1" daemon [_thread_in_native, id=7942, stack(0x00007fb5ff9a1000,0x00007fb5ffaa2000)]
=>0x0000000040d8e000 JavaThread "CompilerThread0" daemon [_thread_in_native, id=7941, stack(0x00007fb5ffaa2000,0x00007fb5ffba3000)]
  0x0000000040d8c000 JavaThread "Signal Dispatcher" daemon [_thread_blocked, id=7940, stack(0x00007fb5ffba3000,0x00007fb5ffca4000)]
  0x0000000040d6c000 JavaThread "Finalizer" daemon [_thread_blocked, id=7939, stack(0x00007fb5ffce3000,0x00007fb5ffde4000)]
  0x0000000040d64800 JavaThread "Reference Handler" daemon [_thread_blocked, id=7938, stack(0x00007fb5ffde4000,0x00007fb5ffee5000)]
  0x0000000040d08800 JavaThread "main" [_thread_in_vm, id=7934, stack(0x00007fb63020a000,0x00007fb63030b000)]

Other Threads:
  0x0000000040d60000 VMThread [stack: 0x00007fb5ffee5000,0x00007fb5fffe6000] [id=7937]
  0x00007fb5f8006000 WatcherThread [stack: 0x00007fb5ff79f000,0x00007fb5ff8a0000] [id=7944]

VM state:not at safepoint (normal execution)

VM Mutex/Monitor currently owned by a thread: None

Heap
 PSYoungGen      total 16896K, used 6910K [0x00007fb621e20000, 0x00007fb623f20000, 0x00007fb62c8c0000)
  eden space 15616K, 36% used [0x00007fb621e20000,0x00007fb62239f838,0x00007fb622d60000)
  from space 1280K, 100% used [0x00007fb622d60000,0x00007fb622ea0000,0x00007fb622ea0000)
  to   space 1280K, 0% used [0x00007fb623de0000,0x00007fb623de0000,0x00007fb623f20000)
 PSOldGen        total 20736K, used 5448K [0x00007fb60c8c0000, 0x00007fb60dd00000, 0x00007fb621e20000)
  object space 20736K, 26% used [0x00007fb60c8c0000,0x00007fb60ce12140,0x00007fb60dd00000)
 PSPermGen       total 21248K, used 15064K [0x00007fb6008c0000, 0x00007fb601d80000, 0x00007fb60c8c0000)
  object space 21248K, 70% used [0x00007fb6008c0000,0x00007fb601776050,0x00007fb601d80000)

Dynamic libraries:
40000000-40009000 r-xp 00000000 08:01 791582                             /usr/lib/jvm/java-6-sun-1.6.0.20/jre/bin/java
40108000-4010a000 rwxp 00008000 08:01 791582                             /usr/lib/jvm/java-6-sun-1.6.0.20/jre/bin/java
40d01000-41c78000 rwxp 00000000 00:00 0                                  [heap]
7fb5f8000000-7fb5f8c8b000 rwxp 00000000 00:00 0 
7fb5f8c8b000-7fb5fc000000 ---p 00000000 00:00 0 
7fb5ff6d8000-7fb5ff737000 r-xs 00ba5000 08:01 792606                     /usr/lib/jvm/java-6-sun-1.6.0.20/lib/tools.jar
7fb5ff737000-7fb5ff74b000 r-xs 0012f000 08:01 1305931                    /etc/grails-1.3.7/lib/ant-1.7.1.jar
7fb5ff74b000-7fb5ff79f000 r-xs 00516000 08:01 1305960                    /etc/grails-1.3.7/lib/groovy-all-1.7.8.jar
7fb5ff79f000-7fb5ff7a0000 ---p 00000000 00:00 0 
7fb5ff7a0000-7fb5ff8a0000 rwxp 00000000 00:00 0 
7fb5ff8a0000-7fb5ff8a3000 ---p 00000000 00:00 0 
7fb5ff8a3000-7fb5ff9a1000 rwxp 00000000 00:00 0 
7fb5ff9a1000-7fb5ff9a4000 ---p 00000000 00:00 0 
7fb5ff9a4000-7fb5ffaa2000 rwxp 00000000 00:00 0 
7fb5ffaa2000-7fb5ffaa5000 ---p 00000000 00:00 0 
7fb5ffaa5000-7fb5ffba3000 rwxp 00000000 00:00 0 
7fb5ffba3000-7fb5ffba6000 ---p 00000000 00:00 0 
7fb5ffba6000-7fb5ffca4000 rwxp 00000000 00:00 0 
7fb5ffca4000-7fb5ffce3000 r-xp 00000000 08:01 142821                     /usr/lib/locale/pt_BR.utf8/LC_CTYPE
7fb5ffce3000-7fb5ffce6000 ---p 00000000 00:00 0 
7fb5ffce6000-7fb5ffde4000 rwxp 00000000 00:00 0 
7fb5ffde4000-7fb5ffde7000 ---p 00000000 00:00 0 
7fb5ffde7000-7fb5ffee5000 rwxp 00000000 00:00 0 
7fb5ffee5000-7fb5ffee6000 ---p 00000000 00:00 0 
7fb5ffee6000-7fb60031c000 rwxp 00000000 00:00 0 
7fb60031c000-7fb6004b2000 r-xs 02fd0000 08:01 791686                     /usr/lib/jvm/java-6-sun-1.6.0.20/jre/lib/rt.jar
7fb6004b2000-7fb6004b3000 ---p 00000000 00:00 0 
7fb6004b3000-7fb6005b3000 rwxp 00000000 00:00 0 
7fb6005b3000-7fb6005b4000 ---p 00000000 00:00 0 
7fb6005b4000-7fb6006bf000 rwxp 00000000 00:00 0 
7fb6006bf000-7fb60075f000 rwxp 00000000 00:00 0 
7fb60075f000-7fb60076a000 rwxp 00000000 00:00 0 
7fb60076a000-7fb6007bf000 rwxp 00000000 00:00 0 
7fb6007bf000-7fb6007ca000 rwxp 00000000 00:00 0 
7fb6007ca000-7fb600869000 rwxp 00000000 00:00 0 
7fb600869000-7fb60087b000 rwxp 00000000 00:00 0 
7fb60087b000-7fb6008bf000 rwxp 00000000 00:00 0 
7fb6008bf000-7fb601d80000 rwxp 00000000 00:00 0 
7fb601d80000-7fb60c8c0000 rwxp 00000000 00:00 0 
7fb60c8c0000-7fb60dd00000 rwxp 00000000 00:00 0 
7fb60dd00000-7fb621e20000 rwxp 00000000 00:00 0 
7fb621e20000-7fb623f20000 rwxp 00000000 00:00 0 
7fb623f20000-7fb62c8c0000 rwxp 00000000 00:00 0 
7fb62c8c3000-7fb62c8c5000 r-xs 00001000 08:01 791451                     /usr/lib/jvm/java-6-sun-1.6.0.20/jre/lib/ext/dnsns.jar
7fb62c8c5000-7fb62c8cb000 r-xs 00092000 08:01 791448                     /usr/lib/jvm/java-6-sun-1.6.0.20/jre/lib/jsse.jar
7fb62c8cb000-7fb62c8d5000 rwxp 00000000 00:00 0 
7fb62c8d5000-7fb62c98b000 rwxp 00000000 00:00 0 
7fb62c98b000-7fb62cbfb000 rwxp 00000000 00:00 0 
7fb62cbfb000-7fb62f98b000 rwxp 00000000 00:00 0 
7fb62f98b000-7fb62f999000 r-xp 00000000 08:01 791703                     /usr/lib/jvm/java-6-sun-1.6.0.20/jre/lib/amd64/libzip.so
7fb62f999000-7fb62fa9b000 ---p 0000e000 08:01 791703                     /usr/lib/jvm/java-6-sun-1.6.0.20/jre/lib/amd64/libzip.so
7fb62fa9b000-7fb62fa9e000 rwxp 00010000 08:01 791703                     /usr/lib/jvm/java-6-sun-1.6.0.20/jre/lib/amd64/libzip.so
7fb62fa9e000-7fb62fa9f000 rwxp 00000000 00:00 0 
7fb62fa9f000-7fb62faa6000 r-xp 00000000 08:01 791705                     /usr/lib/jvm/java-6-sun-1.6.0.20/jre/lib/amd64/native_threads/libhpi.so
7fb62faa6000-7fb62fba7000 ---p 00007000 08:01 791705                     /usr/lib/jvm/java-6-sun-1.6.0.20/jre/lib/amd64/native_threads/libhpi.so
7fb62fba7000-7fb62fba9000 rwxp 00008000 08:01 791705                     /usr/lib/jvm/java-6-sun-1.6.0.20/jre/lib/amd64/native_threads/libhpi.so
7fb62fba9000-7fb62fbaa000 rwxp 00000000 00:00 0 
7fb62fbaa000-7fb62fbc1000 r-xp 00000000 08:01 136434                     /lib/libnsl-2.11.1.so
7fb62fbc1000-7fb62fdc0000 ---p 00017000 08:01 136434                     /lib/libnsl-2.11.1.so
7fb62fdc0000-7fb62fdc1000 r-xp 00016000 08:01 136434                     /lib/libnsl-2.11.1.so
7fb62fdc1000-7fb62fdc2000 rwxp 00017000 08:01 136434                     /lib/libnsl-2.11.1.so
7fb62fdc2000-7fb62fdc4000 rwxp 00000000 00:00 0 
7fb62fdc4000-7fb62fded000 r-xp 00000000 08:01 791716                     /usr/lib/jvm/java-6-sun-1.6.0.20/jre/lib/amd64/libjava.so
7fb62fded000-7fb62feec000 ---p 00029000 08:01 791716                     /usr/lib/jvm/java-6-sun-1.6.0.20/jre/lib/amd64/libjava.so
7fb62feec000-7fb62fef3000 rwxp 00028000 08:01 791716                     /usr/lib/jvm/java-6-sun-1.6.0.20/jre/lib/amd64/libjava.so
7fb62fef3000-7fb62ff00000 r-xp 00000000 08:01 791698                     /usr/lib/jvm/java-6-sun-1.6.0.20/jre/lib/amd64/libverify.so
7fb62ff00000-7fb62ffff000 ---p 0000d000 08:01 791698                     /usr/lib/jvm/java-6-sun-1.6.0.20/jre/lib/amd64/libverify.so
7fb62ffff000-7fb630002000 rwxp 0000c000 08:01 791698                     /usr/lib/jvm/java-6-sun-1.6.0.20/jre/lib/amd64/libverify.so
7fb630002000-7fb630009000 r-xp 00000000 08:01 136509                     /lib/librt-2.11.1.so
7fb630009000-7fb630208000 ---p 00007000 08:01 136509                     /lib/librt-2.11.1.so
7fb630208000-7fb630209000 r-xp 00006000 08:01 136509                     /lib/librt-2.11.1.so
7fb630209000-7fb63020a000 rwxp 00007000 08:01 136509                     /lib/librt-2.11.1.so
7fb63020a000-7fb63020d000 ---p 00000000 00:00 0 
7fb63020d000-7fb63030b000 rwxp 00000000 00:00 0 
7fb63030b000-7fb63038d000 r-xp 00000000 08:01 136070                     /lib/libm-2.11.1.so
7fb63038d000-7fb63058c000 ---p 00082000 08:01 136070                     /lib/libm-2.11.1.so
7fb63058c000-7fb63058d000 r-xp 00081000 08:01 136070                     /lib/libm-2.11.1.so
7fb63058d000-7fb63058e000 rwxp 00082000 08:01 136070                     /lib/libm-2.11.1.so
7fb63058e000-7fb630d43000 r-xp 00000000 08:01 791723                     /usr/lib/jvm/java-6-sun-1.6.0.20/jre/lib/amd64/server/libjvm.so
7fb630d43000-7fb630e42000 ---p 007b5000 08:01 791723                     /usr/lib/jvm/java-6-sun-1.6.0.20/jre/lib/amd64/server/libjvm.so
7fb630e42000-7fb630fcd000 rwxp 007b4000 08:01 791723                     /usr/lib/jvm/java-6-sun-1.6.0.20/jre/lib/amd64/server/libjvm.so
7fb630fcd000-7fb631006000 rwxp 00000000 00:00 0 
7fb631006000-7fb631180000 r-xp 00000000 08:01 135637                     /lib/libc-2.11.1.so
7fb631180000-7fb63137f000 ---p 0017a000 08:01 135637                     /lib/libc-2.11.1.so
7fb63137f000-7fb631383000 r-xp 00179000 08:01 135637                     /lib/libc-2.11.1.so
7fb631383000-7fb631384000 rwxp 0017d000 08:01 135637                     /lib/libc-2.11.1.so
7fb631384000-7fb631389000 rwxp 00000000 00:00 0 
7fb631389000-7fb63138b000 r-xp 00000000 08:01 135720                     /lib/libdl-2.11.1.so
7fb63138b000-7fb63158b000 ---p 00002000 08:01 135720                     /lib/libdl-2.11.1.so
7fb63158b000-7fb63158c000 r-xp 00002000 08:01 135720                     /lib/libdl-2.11.1.so
7fb63158c000-7fb63158d000 rwxp 00003000 08:01 135720                     /lib/libdl-2.11.1.so
7fb63158d000-7fb6315a5000 r-xp 00000000 08:01 136507                     /lib/libpthread-2.11.1.so
7fb6315a5000-7fb6317a4000 ---p 00018000 08:01 136507                     /lib/libpthread-2.11.1.so
7fb6317a4000-7fb6317a5000 r-xp 00017000 08:01 136507                     /lib/libpthread-2.11.1.so
7fb6317a5000-7fb6317a6000 rwxp 00018000 08:01 136507                     /lib/libpthread-2.11.1.so
7fb6317a6000-7fb6317aa000 rwxp 00000000 00:00 0 
7fb6317aa000-7fb6317ca000 r-xp 00000000 08:01 135174                     /lib/ld-2.11.1.so
7fb6317ca000-7fb6317cf000 r-xs 00049000 08:01 1305958                    /etc/grails-1.3.7/lib/gant_groovy1.7-1.9.2.jar
7fb6317cf000-7fb6317de000 r-xs 000d9000 08:01 1305969                    /etc/grails-1.3.7/lib/ivy-2.2.0.jar
7fb6317de000-7fb631811000 rwxp 00000000 00:00 0 
7fb631811000-7fb631866000 rwxp 00000000 00:00 0 
7fb631866000-7fb63189b000 r-xs 00000000 08:01 1047890                    /var/cache/nscd/passwd
7fb63189b000-7fb63189e000 rwxp 00000000 00:00 0 
7fb63189e000-7fb6318a5000 r-xp 00000000 08:01 791689                     /usr/lib/jvm/java-6-sun-1.6.0.20/jre/lib/amd64/jli/libjli.so
7fb6318a5000-7fb6319a6000 ---p 00007000 08:01 791689                     /usr/lib/jvm/java-6-sun-1.6.0.20/jre/lib/amd64/jli/libjli.so
7fb6319a6000-7fb6319a8000 rwxp 00008000 08:01 791689                     /usr/lib/jvm/java-6-sun-1.6.0.20/jre/lib/amd64/jli/libjli.so
7fb6319a8000-7fb6319a9000 rwxp 00000000 00:00 0 
7fb6319ac000-7fb6319b3000 r-xs 0005a000 08:01 1305959                    /etc/grails-1.3.7/lib/gpars-0.9.jar
7fb6319b3000-7fb6319b7000 r-xs 00045000 08:01 1309600                    /etc/grails-1.3.7/dist/grails-bootstrap-1.3.7.jar
7fb6319b7000-7fb6319be000 r-xs 00000000 08:01 136564                     /usr/lib/gconv/gconv-modules.cache
7fb6319be000-7fb6319c6000 rwxs 00000000 08:05 181                        /tmp/hsperfdata_ericksonfgds/7922
7fb6319c6000-7fb6319c7000 rwxp 00000000 00:00 0 
7fb6319c7000-7fb6319c8000 r-xp 00000000 00:00 0 
7fb6319c8000-7fb6319ca000 rwxp 00000000 00:00 0 
7fb6319ca000-7fb6319cb000 r-xp 00020000 08:01 135174                     /lib/ld-2.11.1.so
7fb6319cb000-7fb6319cc000 rwxp 00021000 08:01 135174                     /lib/ld-2.11.1.so
7fb6319cc000-7fb6319cd000 rwxp 00000000 00:00 0 
7fffe18e6000-7fffe18fb000 rwxp 00000000 00:00 0                          [stack]
7fffe19ff000-7fffe1a00000 r-xp 00000000 00:00 0                          [vdso]
ffffffffff600000-ffffffffff601000 r-xp 00000000 00:00 0                  [vsyscall]

VM Arguments:
jvm_args: -Xmx512M -XX:MaxPermSize=192m -Dfile.encoding=UTF-8 -Dgrails.home=/etc/grails-1.3.7 -Dtools.jar=/usr/lib/jvm/java-6-sun//lib/tools.jar 
java_command: org.codehaus.groovy.grails.cli.support.GrailsStarter --main org.codehaus.groovy.grails.cli.GrailsScriptRunner --conf /etc/grails-1.3.7/conf/groovy-starter.conf --classpath  run-app
Launcher Type: SUN_STANDARD

Environment Variables:
JAVA_HOME=/usr/lib/jvm/java-6-sun/
PATH=/etc/grails-1.3.7/bin:/usr/local/sbin:/usr/local/bin:/usr/sbin:/usr/bin:/sbin:/bin:/usr/games
USERNAME=ericksonfgds
LD_LIBRARY_PATH=/usr/lib/jvm/java-6-sun-1.6.0.20/jre/lib/amd64/server:/usr/lib/jvm/java-6-sun-1.6.0.20/jre/lib/amd64:/usr/lib/jvm/java-6-sun-1.6.0.20/jre/../lib/amd64
SHELL=/bin/bash
DISPLAY=:0.0

Signal Handlers:
SIGSEGV: [libjvm.so+0x70ffd0], sa_mask[0]=0x7ffbfeff, sa_flags=0x10000004
SIGBUS: [libjvm.so+0x70ffd0], sa_mask[0]=0x7ffbfeff, sa_flags=0x10000004
SIGFPE: [libjvm.so+0x5d8cf0], sa_mask[0]=0x7ffbfeff, sa_flags=0x10000004
SIGPIPE: [libjvm.so+0x5d8cf0], sa_mask[0]=0x7ffbfeff, sa_flags=0x10000004
SIGXFSZ: [libjvm.so+0x5d8cf0], sa_mask[0]=0x7ffbfeff, sa_flags=0x10000004
SIGILL: [libjvm.so+0x5d8cf0], sa_mask[0]=0x7ffbfeff, sa_flags=0x10000004
SIGUSR1: SIG_DFL, sa_mask[0]=0x00000000, sa_flags=0x00000000
SIGUSR2: [libjvm.so+0x5db510], sa_mask[0]=0x00000000, sa_flags=0x10000004
SIGHUP: [libjvm.so+0x5db260], sa_mask[0]=0x7ffbfeff, sa_flags=0x10000004
SIGINT: [libjvm.so+0x5db260], sa_mask[0]=0x7ffbfeff, sa_flags=0x10000004
SIGTERM: [libjvm.so+0x5db260], sa_mask[0]=0x7ffbfeff, sa_flags=0x10000004
SIGQUIT: [libjvm.so+0x5db260], sa_mask[0]=0x7ffbfeff, sa_flags=0x10000004


---------------  S Y S T E M  ---------------

OS:squeeze/sid

uname:Linux 2.6.32-24-vserver #38~ppa1-Ubuntu SMP Mon Jul 26 12:26:16 UTC 2010 x86_64
libc:glibc 2.11.1 NPTL 2.11.1 
rlimit: STACK 8192k, CORE 0k, NPROC infinity, NOFILE 1024, AS infinity
load average:0.61 0.61 0.32

CPU:total 2 (2 cores per cpu, 1 threads per core) family 6 model 15 stepping 13, cmov, cx8, fxsr, mmx, sse, sse2, sse3, ssse3

Memory: 4k page, physical 1990384k(630788k free), swap 6835192k(6833608k free)

vm_info: Java HotSpot(TM) 64-Bit Server VM (16.3-b01) for linux-amd64 JRE (1.6.0_20-b02), built on Apr 12 2010 13:57:11 by "java_re" with gcc 3.2.2 (SuSE Linux)

time: Mon Mar 14 13:24:49 2011
elapsed time: 2 seconds

